生成启动时间为 2012/11/16 22:44:25。
     1>项目“D:\资料\SeedCup2012\复赛\复赛\Src\SeedCup2\SeedCup2\SeedCup2.vcxproj”在节点 2 上(build 个目标)。
     1>PrepareForBuild:
         正在创建目录“D:\资料\SeedCup2012\复赛\复赛\Src\SeedCup2\Debug\”。
       InitializeBuildStatus:
         正在创建“Debug\SeedCup2.unsuccessfulbuild”，因为已指定“AlwaysCreate”。
       ClCompile:
         C:\Program Files (x86)\Microsoft Visual Studio 10.0\VC\bin\CL.exe /c /ZI /nologo /W3 /WX- /Od /Oy- /D WIN32 /D _DEBUG /D _CONSOLE /D _UNICODE /D UNICODE /Gm /EHsc /RTC1 /MDd /GS /fp:precise /Zc:wchar_t /Zc:forScope /Fo"Debug\\" /Fd"Debug\vc100.pdb" /Gd /TP /analyze- /errorReport:prompt 5_1.cpp 5_2.cpp 5_3_1.cpp 5_3_2.cpp 5_3_3.cpp 5_3_4.cpp 5_4.cpp 5_5_1.cpp 5_5_2.cpp 5_5_3.cpp 5_5_4.cpp 5_6.cpp 5_7_1_Custom.cpp 5_7_2_Custom.cpp auxiliary.cpp display.cpp initial.cpp main.cpp pickUp.cpp strParse.cpp
         strParse.cpp
     1>d:\资料\seedcup2012\复赛\复赛\src\seedcup2\seedcup2\strparse.cpp(180): warning C4996: 'strcpy': This function or variable may be unsafe. Consider using strcpy_s instead. To disable deprecation, use _CRT_SECURE_NO_WARNINGS. See online help for details.
                 c:\program files (x86)\microsoft visual studio 10.0\vc\include\string.h(105) : 参见“strcpy”的声明
     1>d:\资料\seedcup2012\复赛\复赛\src\seedcup2\seedcup2\strparse.cpp(183): warning C4018: “<”: 有符号/无符号不匹配
         pickUp.cpp
         main.cpp
         initial.cpp
         display.cpp
         auxiliary.cpp
         5_7_2_Custom.cpp
         5_7_1_Custom.cpp
         5_6.cpp
         5_5_4.cpp
         5_5_3.cpp
         5_5_2.cpp
         5_5_1.cpp
         5_4.cpp
     1>d:\资料\seedcup2012\复赛\复赛\src\seedcup2\seedcup2\5_4.cpp(34): warning C4244: “=”: 从“double”转换到“float”，可能丢失数据
     1>d:\资料\seedcup2012\复赛\复赛\src\seedcup2\seedcup2\5_4.cpp(68): warning C4018: “<”: 有符号/无符号不匹配
         5_3_4.cpp
     1>d:\资料\seedcup2012\复赛\复赛\src\seedcup2\seedcup2\5_3_4.cpp(44): warning C4244: “=”: 从“double”转换到“int”，可能丢失数据
     1>d:\资料\seedcup2012\复赛\复赛\src\seedcup2\seedcup2\5_3_4.cpp(45): warning C4244: “=”: 从“double”转换到“int”，可能丢失数据
     1>d:\资料\seedcup2012\复赛\复赛\src\seedcup2\seedcup2\5_3_4.cpp(56): warning C4244: “=”: 从“double”转换到“int”，可能丢失数据
     1>d:\资料\seedcup2012\复赛\复赛\src\seedcup2\seedcup2\5_3_4.cpp(57): warning C4244: “=”: 从“double”转换到“int”，可能丢失数据
     1>d:\资料\seedcup2012\复赛\复赛\src\seedcup2\seedcup2\5_3_4.cpp(69): warning C4244: “=”: 从“double”转换到“int”，可能丢失数据
     1>d:\资料\seedcup2012\复赛\复赛\src\seedcup2\seedcup2\5_3_4.cpp(70): warning C4244: “=”: 从“double”转换到“int”，可能丢失数据
     1>d:\资料\seedcup2012\复赛\复赛\src\seedcup2\seedcup2\5_3_4.cpp(82): warning C4244: “=”: 从“double”转换到“int”，可能丢失数据
     1>d:\资料\seedcup2012\复赛\复赛\src\seedcup2\seedcup2\5_3_4.cpp(83): warning C4244: “=”: 从“double”转换到“int”，可能丢失数据
         5_3_3.cpp
         5_3_2.cpp
         5_3_1.cpp
         5_2.cpp
         5_1.cpp
         正在生成代码...
       ManifestResourceCompile:
         C:\Program Files (x86)\Microsoft SDKs\Windows\v7.0A\bin\rc.exe /nologo /fo"Debug\SeedCup2.exe.embed.manifest.res" Debug\SeedCup2_manifest.rc 
       Link:
         C:\Program Files (x86)\Microsoft Visual Studio 10.0\VC\bin\link.exe /ERRORREPORT:PROMPT /OUT:"D:\资料\SeedCup2012\复赛\复赛\Src\SeedCup2\Debug\SeedCup2.exe" /INCREMENTAL /NOLOGO kernel32.lib user32.lib gdi32.lib winspool.lib comdlg32.lib advapi32.lib shell32.lib ole32.lib oleaut32.lib uuid.lib odbc32.lib odbccp32.lib /MANIFEST /ManifestFile:"Debug\SeedCup2.exe.intermediate.manifest" /MANIFESTUAC:"level='asInvoker' uiAccess='false'" /DEBUG /PDB:"D:\资料\SeedCup2012\复赛\复赛\Src\SeedCup2\Debug\SeedCup2.pdb" /SUBSYSTEM:CONSOLE /TLBID:1 /DYNAMICBASE /NXCOMPAT /IMPLIB:"D:\资料\SeedCup2012\复赛\复赛\Src\SeedCup2\Debug\SeedCup2.lib" /MACHINE:X86 Debug\SeedCup2.exe.embed.manifest.res
         Debug\5_1.obj
         Debug\5_2.obj
         Debug\5_3_1.obj
         Debug\5_3_2.obj
         Debug\5_3_3.obj
         Debug\5_3_4.obj
         Debug\5_4.obj
         Debug\5_5_1.obj
         Debug\5_5_2.obj
         Debug\5_5_3.obj
         Debug\5_5_4.obj
         Debug\5_6.obj
         Debug\5_7_1_Custom.obj
         Debug\5_7_2_Custom.obj
         Debug\auxiliary.obj
         Debug\display.obj
         Debug\initial.obj
         Debug\main.obj
         Debug\pickUp.obj
         Debug\strParse.obj
       Manifest:
         C:\Program Files (x86)\Microsoft SDKs\Windows\v7.0A\bin\mt.exe /nologo /verbose /out:"Debug\SeedCup2.exe.embed.manifest" /manifest Debug\SeedCup2.exe.intermediate.manifest
         所有输出均为最新。
       LinkEmbedManifest:
         所有输出均为最新。
         SeedCup2.vcxproj -> D:\资料\SeedCup2012\复赛\复赛\Src\SeedCup2\Debug\SeedCup2.exe
       FinalizeBuildStatus:
         正在删除文件“Debug\SeedCup2.unsuccessfulbuild”。
         正在对“Debug\SeedCup2.lastbuildstate”执行 Touch 任务。
     1>已完成生成项目“D:\资料\SeedCup2012\复赛\复赛\Src\SeedCup2\SeedCup2\SeedCup2.vcxproj”(build 个目标)的操作。

生成成功。

已用时间 00:00:10.89
