生成启动时间为 2012/10/29 21:31:07。
     1>项目“D:\资料\VS2010\Projects\SeedCup 2012年10月29日20时55分\SeedCup\SeedCup\SeedCup.vcxproj”在节点 2 上(build 个目标)。
     1>InitializeBuildStatus:
         正在创建“Debug\SeedCup.unsuccessfulbuild”，因为已指定“AlwaysCreate”。
       ClCompile:
         C:\Program Files (x86)\Microsoft Visual Studio 10.0\VC\bin\CL.exe /c /ZI /nologo /W3 /WX- /Od /Oy- /D WIN32 /D _DEBUG /D _CONSOLE /D _UNICODE /D UNICODE /Gm /EHsc /RTC1 /MDd /GS /fp:precise /Zc:wchar_t /Zc:forScope /Fo"Debug\\" /Fd"Debug\vc100.pdb" /Gd /TP /analyze- /errorReport:prompt main.cpp
         main.cpp
       ManifestResourceCompile:
         所有输出均为最新。
       Link:
         C:\Program Files (x86)\Microsoft Visual Studio 10.0\VC\bin\link.exe /ERRORREPORT:PROMPT /OUT:"D:\资料\VS2010\Projects\SeedCup 2012年10月29日20时55分\SeedCup\Debug\SeedCup.exe" /INCREMENTAL /NOLOGO kernel32.lib user32.lib gdi32.lib winspool.lib comdlg32.lib advapi32.lib shell32.lib ole32.lib oleaut32.lib uuid.lib odbc32.lib odbccp32.lib /MANIFEST /ManifestFile:"Debug\SeedCup.exe.intermediate.manifest" /MANIFESTUAC:"level='asInvoker' uiAccess='false'" /DEBUG /PDB:"D:\资料\VS2010\Projects\SeedCup 2012年10月29日20时55分\SeedCup\Debug\SeedCup.pdb" /SUBSYSTEM:CONSOLE /TLBID:1 /DYNAMICBASE /NXCOMPAT /IMPLIB:"D:\资料\VS2010\Projects\SeedCup 2012年10月29日20时55分\SeedCup\Debug\SeedCup.lib" /MACHINE:X86 Debug\SeedCup.exe.embed.manifest.res
         Debug\exe_commands.obj
         Debug\gram_parse.obj
         Debug\add.obj
         Debug\isExit.obj
         Debug\str_parse.obj
         Debug\create.obj
         Debug\del.obj
         Debug\main.obj
         Debug\auxiliary.obj
         Debug\rename.obj
         Debug\select.obj
         Debug\show.obj
         Debug\update.obj
         Debug\use.obj
       Manifest:
         C:\Program Files (x86)\Microsoft SDKs\Windows\v7.0A\bin\mt.exe /nologo /verbose /out:"Debug\SeedCup.exe.embed.manifest" /manifest Debug\SeedCup.exe.intermediate.manifest
         所有输出均为最新。
       LinkEmbedManifest:
         所有输出均为最新。
         SeedCup.vcxproj -> D:\资料\VS2010\Projects\SeedCup 2012年10月29日20时55分\SeedCup\Debug\SeedCup.exe
       FinalizeBuildStatus:
         正在删除文件“Debug\SeedCup.unsuccessfulbuild”。
         正在对“Debug\SeedCup.lastbuildstate”执行 Touch 任务。
     1>已完成生成项目“D:\资料\VS2010\Projects\SeedCup 2012年10月29日20时55分\SeedCup\SeedCup\SeedCup.vcxproj”(build 个目标)的操作。

生成成功。

已用时间 00:00:01.14
